[ 2019-10-07T14:18:41+08:00 ] 127.0.0.1 /mall/?a=addCar
INFO: [ app_init ] --START--
INFO: Run Behavior\BuildLiteBehavior [ RunTime:0.000027s ]
INFO: [ app_init ] --END-- [ RunTime:0.000692s ]
INFO: [ app_begin ] --START--
INFO: Run Behavior\ReadHtmlCacheBehavior [ RunTime:0.000744s ]
INFO: [ app_begin ] --END-- [ RunTime:0.000787s ]
NOTIC: [8] Undefined offset: 17 /Applications/MxSrvs/www/mall/Application/Home/Controller/IndexController.class.php 第 163 行.
INFO: [ app_end ] --START--
INFO: Run Behavior\ShowPageTraceBehavior [ RunTime:0.000670s ]
INFO: [ app_end ] --END-- [ RunTime:0.000716s ]

[ 2019-10-07T14:18:41+08:00 ] 127.0.0.1 /mall/?a=Allcar
INFO: [ app_init ] --START--
INFO: Run Behavior\BuildLiteBehavior [ RunTime:0.000015s ]
INFO: [ app_init ] --END-- [ RunTime:0.000229s ]
INFO: [ app_begin ] --START--
INFO: Run Behavior\ReadHtmlCacheBehavior [ RunTime:0.000234s ]
INFO: [ app_begin ] --END-- [ RunTime:0.000269s ]
SQL: SHOW COLUMNS FROM `goods` [ RunTime:0.0031s ]
SQL: SELECT * FROM `goods` WHERE `id` = 17 LIMIT 1   [ RunTime:0.0004s ]
NOTIC: [2] Use of undefined constant imgs - assumed 'imgs' (this will throw an Error in a future version of PHP) /Applications/MxSrvs/www/mall/Application/Home/Controller/IndexController.class.php 第 126 行.
NOTIC: [2] Use of undefined constant info - assumed 'info' (this will throw an Error in a future version of PHP) /Applications/MxSrvs/www/mall/Application/Home/Controller/IndexController.class.php 第 128 行.
NOTIC: [2] Use of undefined constant id - assumed 'id' (this will throw an Error in a future version of PHP) /Applications/MxSrvs/www/mall/Application/Home/Controller/IndexController.class.php 第 130 行.
NOTIC: [2] Use of undefined constant price - assumed 'price' (this will throw an Error in a future version of PHP) /Applications/MxSrvs/www/mall/Application/Home/Controller/IndexController.class.php 第 131 行.
NOTIC: [2] Use of undefined constant name - assumed 'name' (this will throw an Error in a future version of PHP) /Applications/MxSrvs/www/mall/Application/Home/Controller/IndexController.class.php 第 133 行.
NOTIC: [2] Use of undefined constant price - assumed 'price' (this will throw an Error in a future version of PHP) /Applications/MxSrvs/www/mall/Application/Home/Controller/IndexController.class.php 第 134 行.
NOTIC: [2] Use of undefined constant price - assumed 'price' (this will throw an Error in a future version of PHP) /Applications/MxSrvs/www/mall/Application/Home/Controller/IndexController.class.php 第 136 行.
INFO: [ app_end ] --START--
INFO: Run Behavior\ShowPageTraceBehavior [ RunTime:0.000409s ]
INFO: [ app_end ] --END-- [ RunTime:0.000459s ]

[ 2019-10-07T14:18:42+08:00 ] 127.0.0.1 /mall/?a=addCar
INFO: [ app_init ] --START--
INFO: Run Behavior\BuildLiteBehavior [ RunTime:0.000017s ]
INFO: [ app_init ] --END-- [ RunTime:0.000246s ]
INFO: [ app_begin ] --START--
INFO: Run Behavior\ReadHtmlCacheBehavior [ RunTime:0.000352s ]
INFO: [ app_begin ] --END-- [ RunTime:0.000394s ]
NOTIC: [8] Undefined offset: 16 /Applications/MxSrvs/www/mall/Application/Home/Controller/IndexController.class.php 第 163 行.
INFO: [ app_end ] --START--
INFO: Run Behavior\ShowPageTraceBehavior [ RunTime:0.000345s ]
INFO: [ app_end ] --END-- [ RunTime:0.000409s ]

[ 2019-10-07T14:18:42+08:00 ] 127.0.0.1 /mall/?a=Allcar
INFO: [ app_init ] --START--
INFO: Run Behavior\BuildLiteBehavior [ RunTime:0.000024s ]
INFO: [ app_init ] --END-- [ RunTime:0.000301s ]
INFO: [ app_begin ] --START--
INFO: Run Behavior\ReadHtmlCacheBehavior [ RunTime:0.000247s ]
INFO: [ app_begin ] --END-- [ RunTime:0.000292s ]
SQL: SHOW COLUMNS FROM `goods` [ RunTime:0.0007s ]
SQL: SELECT * FROM `goods` WHERE `id` = 17 LIMIT 1   [ RunTime:0.0004s ]
NOTIC: [2] Use of undefined constant imgs - assumed 'imgs' (this will throw an Error in a future version of PHP) /Applications/MxSrvs/www/mall/Application/Home/Controller/IndexController.class.php 第 126 行.
NOTIC: [2] Use of undefined constant info - assumed 'info' (this will throw an Error in a future version of PHP) /Applications/MxSrvs/www/mall/Application/Home/Controller/IndexController.class.php 第 128 行.
NOTIC: [2] Use of undefined constant id - assumed 'id' (this will throw an Error in a future version of PHP) /Applications/MxSrvs/www/mall/Application/Home/Controller/IndexController.class.php 第 130 行.
NOTIC: [2] Use of undefined constant price - assumed 'price' (this will throw an Error in a future version of PHP) /Applications/MxSrvs/www/mall/Application/Home/Controller/IndexController.class.php 第 131 行.
NOTIC: [2] Use of undefined constant name - assumed 'name' (this will throw an Error in a future version of PHP) /Applications/MxSrvs/www/mall/Application/Home/Controller/IndexController.class.php 第 133 行.
NOTIC: [2] Use of undefined constant price - assumed 'price' (this will throw an Error in a future version of PHP) /Applications/MxSrvs/www/mall/Application/Home/Controller/IndexController.class.php 第 134 行.
NOTIC: [2] Use of undefined constant price - assumed 'price' (this will throw an Error in a future version of PHP) /Applications/MxSrvs/www/mall/Application/Home/Controller/IndexController.class.php 第 136 行.
SQL: SELECT * FROM `goods` WHERE `id` = 16 LIMIT 1   [ RunTime:0.0002s ]
NOTIC: [2] Use of undefined constant imgs - assumed 'imgs' (this will throw an Error in a future version of PHP) /Applications/MxSrvs/www/mall/Application/Home/Controller/IndexController.class.php 第 126 行.
NOTIC: [2] Use of undefined constant info - assumed 'info' (this will throw an Error in a future version of PHP) /Applications/MxSrvs/www/mall/Application/Home/Controller/IndexController.class.php 第 128 行.
NOTIC: [2] Use of undefined constant id - assumed 'id' (this will throw an Error in a future version of PHP) /Applications/MxSrvs/www/mall/Application/Home/Controller/IndexController.class.php 第 130 行.
NOTIC: [2] Use of undefined constant price - assumed 'price' (this will throw an Error in a future version of PHP) /Applications/MxSrvs/www/mall/Application/Home/Controller/IndexController.class.php 第 131 行.
NOTIC: [2] Use of undefined constant name - assumed 'name' (this will throw an Error in a future version of PHP) /Applications/MxSrvs/www/mall/Application/Home/Controller/IndexController.class.php 第 133 行.
NOTIC: [2] Use of undefined constant price - assumed 'price' (this will throw an Error in a future version of PHP) /Applications/MxSrvs/www/mall/Application/Home/Controller/IndexController.class.php 第 134 行.
NOTIC: [2] Use of undefined constant price - assumed 'price' (this will throw an Error in a future version of PHP) /Applications/MxSrvs/www/mall/Application/Home/Controller/IndexController.class.php 第 136 行.
INFO: [ app_end ] --START--
INFO: Run Behavior\ShowPageTraceBehavior [ RunTime:0.000369s ]
INFO: [ app_end ] --END-- [ RunTime:0.000412s ]

[ 2019-10-07T14:18:44+08:00 ] 127.0.0.1 /mall/?a=addCar
INFO: [ app_init ] --START--
INFO: Run Behavior\BuildLiteBehavior [ RunTime:0.000017s ]
INFO: [ app_init ] --END-- [ RunTime:0.000284s ]
INFO: [ app_begin ] --START--
INFO: Run Behavior\ReadHtmlCacheBehavior [ RunTime:0.000314s ]
INFO: [ app_begin ] --END-- [ RunTime:0.000356s ]
NOTIC: [8] Undefined offset: 15 /Applications/MxSrvs/www/mall/Application/Home/Controller/IndexController.class.php 第 163 行.
INFO: [ app_end ] --START--
INFO: Run Behavior\ShowPageTraceBehavior [ RunTime:0.000346s ]
INFO: [ app_end ] --END-- [ RunTime:0.000391s ]

[ 2019-10-07T14:18:44+08:00 ] 127.0.0.1 /mall/?a=Allcar
INFO: [ app_init ] --START--
INFO: Run Behavior\BuildLiteBehavior [ RunTime:0.000015s ]
INFO: [ app_init ] --END-- [ RunTime:0.000248s ]
INFO: [ app_begin ] --START--
INFO: Run Behavior\ReadHtmlCacheBehavior [ RunTime:0.000245s ]
INFO: [ app_begin ] --END-- [ RunTime:0.000280s ]
SQL: SHOW COLUMNS FROM `goods` [ RunTime:0.0005s ]
SQL: SELECT * FROM `goods` WHERE `id` = 17 LIMIT 1   [ RunTime:0.0002s ]
NOTIC: [2] Use of undefined constant imgs - assumed 'imgs' (this will throw an Error in a future version of PHP) /Applications/MxSrvs/www/mall/Application/Home/Controller/IndexController.class.php 第 126 行.
NOTIC: [2] Use of undefined constant info - assumed 'info' (this will throw an Error in a future version of PHP) /Applications/MxSrvs/www/mall/Application/Home/Controller/IndexController.class.php 第 128 行.
NOTIC: [2] Use of undefined constant id - assumed 'id' (this will throw an Error in a future version of PHP) /Applications/MxSrvs/www/mall/Application/Home/Controller/IndexController.class.php 第 130 行.
NOTIC: [2] Use of undefined constant price - assumed 'price' (this will throw an Error in a future version of PHP) /Applications/MxSrvs/www/mall/Application/Home/Controller/IndexController.class.php 第 131 行.
NOTIC: [2] Use of undefined constant name - assumed 'name' (this will throw an Error in a future version of PHP) /Applications/MxSrvs/www/mall/Application/Home/Controller/IndexController.class.php 第 133 行.
NOTIC: [2] Use of undefined constant price - assumed 'price' (this will throw an Error in a future version of PHP) /Applications/MxSrvs/www/mall/Application/Home/Controller/IndexController.class.php 第 134 行.
NOTIC: [2] Use of undefined constant price - assumed 'price' (this will throw an Error in a future version of PHP) /Applications/MxSrvs/www/mall/Application/Home/Controller/IndexController.class.php 第 136 行.
SQL: SELECT * FROM `goods` WHERE `id` = 16 LIMIT 1   [ RunTime:0.0001s ]
NOTIC: [2] Use of undefined constant imgs - assumed 'imgs' (this will throw an Error in a future version of PHP) /Applications/MxSrvs/www/mall/Application/Home/Controller/IndexController.class.php 第 126 行.
NOTIC: [2] Use of undefined constant info - assumed 'info' (this will throw an Error in a future version of PHP) /Applications/MxSrvs/www/mall/Application/Home/Controller/IndexController.class.php 第 128 行.
NOTIC: [2] Use of undefined constant id - assumed 'id' (this will throw an Error in a future version of PHP) /Applications/MxSrvs/www/mall/Application/Home/Controller/IndexController.class.php 第 130 行.
NOTIC: [2] Use of undefined constant price - assumed 'price' (this will throw an Error in a future version of PHP) /Applications/MxSrvs/www/mall/Application/Home/Controller/IndexController.class.php 第 131 行.
NOTIC: [2] Use of undefined constant name - assumed 'name' (this will throw an Error in a future version of PHP) /Applications/MxSrvs/www/mall/Application/Home/Controller/IndexController.class.php 第 133 行.
NOTIC: [2] Use of undefined constant price - assumed 'price' (this will throw an Error in a future version of PHP) /Applications/MxSrvs/www/mall/Application/Home/Controller/IndexController.class.php 第 134 行.
NOTIC: [2] Use of undefined constant price - assumed 'price' (this will throw an Error in a future version of PHP) /Applications/MxSrvs/www/mall/Application/Home/Controller/IndexController.class.php 第 136 行.
SQL: SELECT * FROM `goods` WHERE `id` = 15 LIMIT 1   [ RunTime:0.0001s ]
NOTIC: [2] Use of undefined constant imgs - assumed 'imgs' (this will throw an Error in a future version of PHP) /Applications/MxSrvs/www/mall/Application/Home/Controller/IndexController.class.php 第 126 行.
NOTIC: [2] Use of undefined constant info - assumed 'info' (this will throw an Error in a future version of PHP) /Applications/MxSrvs/www/mall/Application/Home/Controller/IndexController.class.php 第 128 行.
NOTIC: [2] Use of undefined constant id - assumed 'id' (this will throw an Error in a future version of PHP) /Applications/MxSrvs/www/mall/Application/Home/Controller/IndexController.class.php 第 130 行.
NOTIC: [2] Use of undefined constant price - assumed 'price' (this will throw an Error in a future version of PHP) /Applications/MxSrvs/www/mall/Application/Home/Controller/IndexController.class.php 第 131 行.
NOTIC: [2] Use of undefined constant name - assumed 'name' (this will throw an Error in a future version of PHP) /Applications/MxSrvs/www/mall/Application/Home/Controller/IndexController.class.php 第 133 行.
NOTIC: [2] Use of undefined constant price - assumed 'price' (this will throw an Error in a future version of PHP) /Applications/MxSrvs/www/mall/Application/Home/Controller/IndexController.class.php 第 134 行.
NOTIC: [2] Use of undefined constant price - assumed 'price' (this will throw an Error in a future version of PHP) /Applications/MxSrvs/www/mall/Application/Home/Controller/IndexController.class.php 第 136 行.
INFO: [ app_end ] --START--
INFO: Run Behavior\ShowPageTraceBehavior [ RunTime:0.000331s ]
INFO: [ app_end ] --END-- [ RunTime:0.000374s ]

[ 2019-10-07T14:18:46+08:00 ] 127.0.0.1 /mall/?a=goods&id=16
INFO: [ app_init ] --START--
INFO: Run Behavior\BuildLiteBehavior [ RunTime:0.000016s ]
INFO: [ app_init ] --END-- [ RunTime:0.000245s ]
INFO: [ app_begin ] --START--
INFO: Run Behavior\ReadHtmlCacheBehavior [ RunTime:0.000247s ]
INFO: [ app_begin ] --END-- [ RunTime:0.000288s ]
SQL: SHOW COLUMNS FROM `goods` [ RunTime:0.0007s ]
SQL: SELECT * FROM `goods` WHERE `id` = 16 LIMIT 1   [ RunTime:0.0002s ]
NOTIC: [2] Use of undefined constant imgs - assumed 'imgs' (this will throw an Error in a future version of PHP) /Applications/MxSrvs/www/mall/Application/Home/Controller/IndexController.class.php 第 183 行.
INFO: [ view_parse ] --START--
INFO: [ template_filter ] --START--
INFO: Run Behavior\ContentReplaceBehavior [ RunTime:0.000059s ]
INFO: [ template_filter ] --END-- [ RunTime:0.000106s ]
INFO: Run Behavior\ParseTemplateBehavior [ RunTime:0.010444s ]
INFO: [ view_parse ] --END-- [ RunTime:0.010486s ]
INFO: [ view_filter ] --START--
INFO: Run Behavior\WriteHtmlCacheBehavior [ RunTime:0.000401s ]
INFO: [ view_filter ] --END-- [ RunTime:0.000442s ]
INFO: [ app_end ] --START--
INFO: Run Behavior\ShowPageTraceBehavior [ RunTime:0.000348s ]
INFO: [ app_end ] --END-- [ RunTime:0.000394s ]

[ 2019-10-07T14:18:46+08:00 ] 127.0.0.1 /mall/?a=Allcar
INFO: [ app_init ] --START--
INFO: Run Behavior\BuildLiteBehavior [ RunTime:0.000018s ]
INFO: [ app_init ] --END-- [ RunTime:0.000282s ]
INFO: [ app_begin ] --START--
INFO: Run Behavior\ReadHtmlCacheBehavior [ RunTime:0.000292s ]
INFO: [ app_begin ] --END-- [ RunTime:0.000331s ]
SQL: SHOW COLUMNS FROM `goods` [ RunTime:0.0005s ]
SQL: SELECT * FROM `goods` WHERE `id` = 17 LIMIT 1   [ RunTime:0.0002s ]
NOTIC: [2] Use of undefined constant imgs - assumed 'imgs' (this will throw an Error in a future version of PHP) /Applications/MxSrvs/www/mall/Application/Home/Controller/IndexController.class.php 第 126 行.
NOTIC: [2] Use of undefined constant info - assumed 'info' (this will throw an Error in a future version of PHP) /Applications/MxSrvs/www/mall/Application/Home/Controller/IndexController.class.php 第 128 行.
NOTIC: [2] Use of undefined constant id - assumed 'id' (this will throw an Error in a future version of PHP) /Applications/MxSrvs/www/mall/Application/Home/Controller/IndexController.class.php 第 130 行.
NOTIC: [2] Use of undefined constant price - assumed 'price' (this will throw an Error in a future version of PHP) /Applications/MxSrvs/www/mall/Application/Home/Controller/IndexController.class.php 第 131 行.
NOTIC: [2] Use of undefined constant name - assumed 'name' (this will throw an Error in a future version of PHP) /Applications/MxSrvs/www/mall/Application/Home/Controller/IndexController.class.php 第 133 行.
NOTIC: [2] Use of undefined constant price - assumed 'price' (this will throw an Error in a future version of PHP) /Applications/MxSrvs/www/mall/Application/Home/Controller/IndexController.class.php 第 134 行.
NOTIC: [2] Use of undefined constant price - assumed 'price' (this will throw an Error in a future version of PHP) /Applications/MxSrvs/www/mall/Application/Home/Controller/IndexController.class.php 第 136 行.
SQL: SELECT * FROM `goods` WHERE `id` = 16 LIMIT 1   [ RunTime:0.0001s ]
NOTIC: [2] Use of undefined constant imgs - assumed 'imgs' (this will throw an Error in a future version of PHP) /Applications/MxSrvs/www/mall/Application/Home/Controller/IndexController.class.php 第 126 行.
NOTIC: [2] Use of undefined constant info - assumed 'info' (this will throw an Error in a future version of PHP) /Applications/MxSrvs/www/mall/Application/Home/Controller/IndexController.class.php 第 128 行.
NOTIC: [2] Use of undefined constant id - assumed 'id' (this will throw an Error in a future version of PHP) /Applications/MxSrvs/www/mall/Application/Home/Controller/IndexController.class.php 第 130 行.
NOTIC: [2] Use of undefined constant price - assumed 'price' (this will throw an Error in a future version of PHP) /Applications/MxSrvs/www/mall/Application/Home/Controller/IndexController.class.php 第 131 行.
NOTIC: [2] Use of undefined constant name - assumed 'name' (this will throw an Error in a future version of PHP) /Applications/MxSrvs/www/mall/Application/Home/Controller/IndexController.class.php 第 133 行.
NOTIC: [2] Use of undefined constant price - assumed 'price' (this will throw an Error in a future version of PHP) /Applications/MxSrvs/www/mall/Application/Home/Controller/IndexController.class.php 第 134 行.
NOTIC: [2] Use of undefined constant price - assumed 'price' (this will throw an Error in a future version of PHP) /Applications/MxSrvs/www/mall/Application/Home/Controller/IndexController.class.php 第 136 行.
SQL: SELECT * FROM `goods` WHERE `id` = 15 LIMIT 1   [ RunTime:0.0001s ]
NOTIC: [2] Use of undefined constant imgs - assumed 'imgs' (this will throw an Error in a future version of PHP) /Applications/MxSrvs/www/mall/Application/Home/Controller/IndexController.class.php 第 126 行.
NOTIC: [2] Use of undefined constant info - assumed 'info' (this will throw an Error in a future version of PHP) /Applications/MxSrvs/www/mall/Application/Home/Controller/IndexController.class.php 第 128 行.
NOTIC: [2] Use of undefined constant id - assumed 'id' (this will throw an Error in a future version of PHP) /Applications/MxSrvs/www/mall/Application/Home/Controller/IndexController.class.php 第 130 行.
NOTIC: [2] Use of undefined constant price - assumed 'price' (this will throw an Error in a future version of PHP) /Applications/MxSrvs/www/mall/Application/Home/Controller/IndexController.class.php 第 131 行.
NOTIC: [2] Use of undefined constant name - assumed 'name' (this will throw an Error in a future version of PHP) /Applications/MxSrvs/www/mall/Application/Home/Controller/IndexController.class.php 第 133 行.
NOTIC: [2] Use of undefined constant price - assumed 'price' (this will throw an Error in a future version of PHP) /Applications/MxSrvs/www/mall/Application/Home/Controller/IndexController.class.php 第 134 行.
NOTIC: [2] Use of undefined constant price - assumed 'price' (this will throw an Error in a future version of PHP) /Applications/MxSrvs/www/mall/Application/Home/Controller/IndexController.class.php 第 136 行.
INFO: [ app_end ] --START--
INFO: Run Behavior\ShowPageTraceBehavior [ RunTime:0.000342s ]
INFO: [ app_end ] --END-- [ RunTime:0.000382s ]

[ 2019-10-07T14:18:49+08:00 ] 127.0.0.1 /mall/?a=addCar
INFO: [ app_init ] --START--
INFO: Run Behavior\BuildLiteBehavior [ RunTime:0.000026s ]
INFO: [ app_init ] --END-- [ RunTime:0.000354s ]
INFO: [ app_begin ] --START--
INFO: Run Behavior\ReadHtmlCacheBehavior [ RunTime:0.000354s ]
INFO: [ app_begin ] --END-- [ RunTime:0.000398s ]
INFO: [ app_end ] --START--
INFO: Run Behavior\ShowPageTraceBehavior [ RunTime:0.000350s ]
INFO: [ app_end ] --END-- [ RunTime:0.000394s ]

[ 2019-10-07T14:18:49+08:00 ] 127.0.0.1 /mall/?a=Allcar
INFO: [ app_init ] --START--
INFO: Run Behavior\BuildLiteBehavior [ RunTime:0.000016s ]
INFO: [ app_init ] --END-- [ RunTime:0.000248s ]
INFO: [ app_begin ] --START--
INFO: Run Behavior\ReadHtmlCacheBehavior [ RunTime:0.000253s ]
INFO: [ app_begin ] --END-- [ RunTime:0.000290s ]
SQL: SHOW COLUMNS FROM `goods` [ RunTime:0.0004s ]
SQL: SELECT * FROM `goods` WHERE `id` = 17 LIMIT 1   [ RunTime:0.0002s ]
NOTIC: [2] Use of undefined constant imgs - assumed 'imgs' (this will throw an Error in a future version of PHP) /Applications/MxSrvs/www/mall/Application/Home/Controller/IndexController.class.php 第 126 行.
NOTIC: [2] Use of undefined constant info - assumed 'info' (this will throw an Error in a future version of PHP) /Applications/MxSrvs/www/mall/Application/Home/Controller/IndexController.class.php 第 128 行.
NOTIC: [2] Use of undefined constant id - assumed 'id' (this will throw an Error in a future version of PHP) /Applications/MxSrvs/www/mall/Application/Home/Controller/IndexController.class.php 第 130 行.
NOTIC: [2] Use of undefined constant price - assumed 'price' (this will throw an Error in a future version of PHP) /Applications/MxSrvs/www/mall/Application/Home/Controller/IndexController.class.php 第 131 行.
NOTIC: [2] Use of undefined constant name - assumed 'name' (this will throw an Error in a future version of PHP) /Applications/MxSrvs/www/mall/Application/Home/Controller/IndexController.class.php 第 133 行.
NOTIC: [2] Use of undefined constant price - assumed 'price' (this will throw an Error in a future version of PHP) /Applications/MxSrvs/www/mall/Application/Home/Controller/IndexController.class.php 第 134 行.
NOTIC: [2] Use of undefined constant price - assumed 'price' (this will throw an Error in a future version of PHP) /Applications/MxSrvs/www/mall/Application/Home/Controller/IndexController.class.php 第 136 行.
SQL: SELECT * FROM `goods` WHERE `id` = 16 LIMIT 1   [ RunTime:0.0001s ]
NOTIC: [2] Use of undefined constant imgs - assumed 'imgs' (this will throw an Error in a future version of PHP) /Applications/MxSrvs/www/mall/Application/Home/Controller/IndexController.class.php 第 126 行.
NOTIC: [2] Use of undefined constant info - assumed 'info' (this will throw an Error in a future version of PHP) /Applications/MxSrvs/www/mall/Application/Home/Controller/IndexController.class.php 第 128 行.
NOTIC: [2] Use of undefined constant id - assumed 'id' (this will throw an Error in a future version of PHP) /Applications/MxSrvs/www/mall/Application/Home/Controller/IndexController.class.php 第 130 行.
NOTIC: [2] Use of undefined constant price - assumed 'price' (this will throw an Error in a future version of PHP) /Applications/MxSrvs/www/mall/Application/Home/Controller/IndexController.class.php 第 131 行.
NOTIC: [2] Use of undefined constant name - assumed 'name' (this will throw an Error in a future version of PHP) /Applications/MxSrvs/www/mall/Application/Home/Controller/IndexController.class.php 第 133 行.
NOTIC: [2] Use of undefined constant price - assumed 'price' (this will throw an Error in a future version of PHP) /Applications/MxSrvs/www/mall/Application/Home/Controller/IndexController.class.php 第 134 行.
NOTIC: [2] Use of undefined constant price - assumed 'price' (this will throw an Error in a future version of PHP) /Applications/MxSrvs/www/mall/Application/Home/Controller/IndexController.class.php 第 136 行.
SQL: SELECT * FROM `goods` WHERE `id` = 15 LIMIT 1   [ RunTime:0.0001s ]
NOTIC: [2] Use of undefined constant imgs - assumed 'imgs' (this will throw an Error in a future version of PHP) /Applications/MxSrvs/www/mall/Application/Home/Controller/IndexController.class.php 第 126 行.
NOTIC: [2] Use of undefined constant info - assumed 'info' (this will throw an Error in a future version of PHP) /Applications/MxSrvs/www/mall/Application/Home/Controller/IndexController.class.php 第 128 行.
NOTIC: [2] Use of undefined constant id - assumed 'id' (this will throw an Error in a future version of PHP) /Applications/MxSrvs/www/mall/Application/Home/Controller/IndexController.class.php 第 130 行.
NOTIC: [2] Use of undefined constant price - assumed 'price' (this will throw an Error in a future version of PHP) /Applications/MxSrvs/www/mall/Application/Home/Controller/IndexController.class.php 第 131 行.
NOTIC: [2] Use of undefined constant name - assumed 'name' (this will throw an Error in a future version of PHP) /Applications/MxSrvs/www/mall/Application/Home/Controller/IndexController.class.php 第 133 行.
NOTIC: [2] Use of undefined constant price - assumed 'price' (this will throw an Error in a future version of PHP) /Applications/MxSrvs/www/mall/Application/Home/Controller/IndexController.class.php 第 134 行.
NOTIC: [2] Use of undefined constant price - assumed 'price' (this will throw an Error in a future version of PHP) /Applications/MxSrvs/www/mall/Application/Home/Controller/IndexController.class.php 第 136 行.
INFO: [ app_end ] --START--
INFO: Run Behavior\ShowPageTraceBehavior [ RunTime:0.000269s ]
INFO: [ app_end ] --END-- [ RunTime:0.000306s ]

[ 2019-10-07T14:18:51+08:00 ] 127.0.0.1 /mall/?a=addCar
INFO: [ app_init ] --START--
INFO: Run Behavior\BuildLiteBehavior [ RunTime:0.000018s ]
INFO: [ app_init ] --END-- [ RunTime:0.000410s ]
INFO: [ app_begin ] --START--
INFO: Run Behavior\ReadHtmlCacheBehavior [ RunTime:0.000390s ]
INFO: [ app_begin ] --END-- [ RunTime:0.000432s ]
INFO: [ app_end ] --START--
INFO: Run Behavior\ShowPageTraceBehavior [ RunTime:0.000491s ]
INFO: [ app_end ] --END-- [ RunTime:0.000564s ]

[ 2019-10-07T14:18:51+08:00 ] 127.0.0.1 /mall/?a=Allcar
INFO: [ app_init ] --START--
INFO: Run Behavior\BuildLiteBehavior [ RunTime:0.000016s ]
INFO: [ app_init ] --END-- [ RunTime:0.000250s ]
INFO: [ app_begin ] --START--
INFO: Run Behavior\ReadHtmlCacheBehavior [ RunTime:0.000259s ]
INFO: [ app_begin ] --END-- [ RunTime:0.000296s ]
SQL: SHOW COLUMNS FROM `goods` [ RunTime:0.0004s ]
SQL: SELECT * FROM `goods` WHERE `id` = 17 LIMIT 1   [ RunTime:0.0002s ]
NOTIC: [2] Use of undefined constant imgs - assumed 'imgs' (this will throw an Error in a future version of PHP) /Applications/MxSrvs/www/mall/Application/Home/Controller/IndexController.class.php 第 126 行.
NOTIC: [2] Use of undefined constant info - assumed 'info' (this will throw an Error in a future version of PHP) /Applications/MxSrvs/www/mall/Application/Home/Controller/IndexController.class.php 第 128 行.
NOTIC: [2] Use of undefined constant id - assumed 'id' (this will throw an Error in a future version of PHP) /Applications/MxSrvs/www/mall/Application/Home/Controller/IndexController.class.php 第 130 行.
NOTIC: [2] Use of undefined constant price - assumed 'price' (this will throw an Error in a future version of PHP) /Applications/MxSrvs/www/mall/Application/Home/Controller/IndexController.class.php 第 131 行.
NOTIC: [2] Use of undefined constant name - assumed 'name' (this will throw an Error in a future version of PHP) /Applications/MxSrvs/www/mall/Application/Home/Controller/IndexController.class.php 第 133 行.
NOTIC: [2] Use of undefined constant price - assumed 'price' (this will throw an Error in a future version of PHP) /Applications/MxSrvs/www/mall/Application/Home/Controller/IndexController.class.php 第 134 行.
NOTIC: [2] Use of undefined constant price - assumed 'price' (this will throw an Error in a future version of PHP) /Applications/MxSrvs/www/mall/Application/Home/Controller/IndexController.class.php 第 136 行.
SQL: SELECT * FROM `goods` WHERE `id` = 16 LIMIT 1   [ RunTime:0.0001s ]
NOTIC: [2] Use of undefined constant imgs - assumed 'imgs' (this will throw an Error in a future version of PHP) /Applications/MxSrvs/www/mall/Application/Home/Controller/IndexController.class.php 第 126 行.
NOTIC: [2] Use of undefined constant info - assumed 'info' (this will throw an Error in a future version of PHP) /Applications/MxSrvs/www/mall/Application/Home/Controller/IndexController.class.php 第 128 行.
NOTIC: [2] Use of undefined constant id - assumed 'id' (this will throw an Error in a future version of PHP) /Applications/MxSrvs/www/mall/Application/Home/Controller/IndexController.class.php 第 130 行.
NOTIC: [2] Use of undefined constant price - assumed 'price' (this will throw an Error in a future version of PHP) /Applications/MxSrvs/www/mall/Application/Home/Controller/IndexController.class.php 第 131 行.
NOTIC: [2] Use of undefined constant name - assumed 'name' (this will throw an Error in a future version of PHP) /Applications/MxSrvs/www/mall/Application/Home/Controller/IndexController.class.php 第 133 行.
NOTIC: [2] Use of undefined constant price - assumed 'price' (this will throw an Error in a future version of PHP) /Applications/MxSrvs/www/mall/Application/Home/Controller/IndexController.class.php 第 134 行.
NOTIC: [2] Use of undefined constant price - assumed 'price' (this will throw an Error in a future version of PHP) /Applications/MxSrvs/www/mall/Application/Home/Controller/IndexController.class.php 第 136 行.
SQL: SELECT * FROM `goods` WHERE `id` = 15 LIMIT 1   [ RunTime:0.0001s ]
NOTIC: [2] Use of undefined constant imgs - assumed 'imgs' (this will throw an Error in a future version of PHP) /Applications/MxSrvs/www/mall/Application/Home/Controller/IndexController.class.php 第 126 行.
NOTIC: [2] Use of undefined constant info - assumed 'info' (this will throw an Error in a future version of PHP) /Applications/MxSrvs/www/mall/Application/Home/Controller/IndexController.class.php 第 128 行.
NOTIC: [2] Use of undefined constant id - assumed 'id' (this will throw an Error in a future version of PHP) /Applications/MxSrvs/www/mall/Application/Home/Controller/IndexController.class.php 第 130 行.
NOTIC: [2] Use of undefined constant price - assumed 'price' (this will throw an Error in a future version of PHP) /Applications/MxSrvs/www/mall/Application/Home/Controller/IndexController.class.php 第 131 行.
NOTIC: [2] Use of undefined constant name - assumed 'name' (this will throw an Error in a future version of PHP) /Applications/MxSrvs/www/mall/Application/Home/Controller/IndexController.class.php 第 133 行.
NOTIC: [2] Use of undefined constant price - assumed 'price' (this will throw an Error in a future version of PHP) /Applications/MxSrvs/www/mall/Application/Home/Controller/IndexController.class.php 第 134 行.
NOTIC: [2] Use of undefined constant price - assumed 'price' (this will throw an Error in a future version of PHP) /Applications/MxSrvs/www/mall/Application/Home/Controller/IndexController.class.php 第 136 行.
INFO: [ app_end ] --START--
INFO: Run Behavior\ShowPageTraceBehavior [ RunTime:0.000324s ]
INFO: [ app_end ] --END-- [ RunTime:0.000361s ]

[ 2019-10-07T14:18:58+08:00 ] 127.0.0.1 /mall/?a=order
INFO: [ app_init ] --START--
INFO: Run Behavior\BuildLiteBehavior [ RunTime:0.000017s ]
INFO: [ app_init ] --END-- [ RunTime:0.000263s ]
INFO: [ app_begin ] --START--
INFO: Run Behavior\ReadHtmlCacheBehavior [ RunTime:0.000273s ]
INFO: [ app_begin ] --END-- [ RunTime:0.000317s ]
INFO: [ view_parse ] --START--
INFO: [ template_filter ] --START--
INFO: Run Behavior\ContentReplaceBehavior [ RunTime:0.000064s ]
INFO: [ template_filter ] --END-- [ RunTime:0.000145s ]
NOTIC: [8] Undefined variable: result /Applications/MxSrvs/www/mall/Application/Runtime/Cache/Home/8949db934eb329596d6597a5bd33b1bf.php 第 89 行.
INFO: Run Behavior\ParseTemplateBehavior [ RunTime:0.005485s ]
INFO: [ view_parse ] --END-- [ RunTime:0.005543s ]
INFO: [ view_filter ] --START--
INFO: Run Behavior\WriteHtmlCacheBehavior [ RunTime:0.000157s ]
INFO: [ view_filter ] --END-- [ RunTime:0.000196s ]
INFO: [ app_end ] --START--
INFO: Run Behavior\ShowPageTraceBehavior [ RunTime:0.000493s ]
INFO: [ app_end ] --END-- [ RunTime:0.000547s ]

[ 2019-10-07T14:18:58+08:00 ] 127.0.0.1 /mall/?a=Allcar
INFO: [ app_init ] --START--
INFO: Run Behavior\BuildLiteBehavior [ RunTime:0.000025s ]
INFO: [ app_init ] --END-- [ RunTime:0.000306s ]
INFO: [ app_begin ] --START--
INFO: Run Behavior\ReadHtmlCacheBehavior [ RunTime:0.000302s ]
INFO: [ app_begin ] --END-- [ RunTime:0.000358s ]
SQL: SHOW COLUMNS FROM `goods` [ RunTime:0.0006s ]
SQL: SELECT * FROM `goods` WHERE `id` = 17 LIMIT 1   [ RunTime:0.0004s ]
NOTIC: [2] Use of undefined constant imgs - assumed 'imgs' (this will throw an Error in a future version of PHP) /Applications/MxSrvs/www/mall/Application/Home/Controller/IndexController.class.php 第 126 行.
NOTIC: [2] Use of undefined constant info - assumed 'info' (this will throw an Error in a future version of PHP) /Applications/MxSrvs/www/mall/Application/Home/Controller/IndexController.class.php 第 128 行.
NOTIC: [2] Use of undefined constant id - assumed 'id' (this will throw an Error in a future version of PHP) /Applications/MxSrvs/www/mall/Application/Home/Controller/IndexController.class.php 第 130 行.
NOTIC: [2] Use of undefined constant price - assumed 'price' (this will throw an Error in a future version of PHP) /Applications/MxSrvs/www/mall/Application/Home/Controller/IndexController.class.php 第 131 行.
NOTIC: [2] Use of undefined constant name - assumed 'name' (this will throw an Error in a future version of PHP) /Applications/MxSrvs/www/mall/Application/Home/Controller/IndexController.class.php 第 133 行.
NOTIC: [2] Use of undefined constant price - assumed 'price' (this will throw an Error in a future version of PHP) /Applications/MxSrvs/www/mall/Application/Home/Controller/IndexController.class.php 第 134 行.
NOTIC: [2] Use of undefined constant price - assumed 'price' (this will throw an Error in a future version of PHP) /Applications/MxSrvs/www/mall/Application/Home/Controller/IndexController.class.php 第 136 行.
SQL: SELECT * FROM `goods` WHERE `id` = 16 LIMIT 1   [ RunTime:0.0006s ]
NOTIC: [2] Use of undefined constant imgs - assumed 'imgs' (this will throw an Error in a future version of PHP) /Applications/MxSrvs/www/mall/Application/Home/Controller/IndexController.class.php 第 126 行.
NOTIC: [2] Use of undefined constant info - assumed 'info' (this will throw an Error in a future version of PHP) /Applications/MxSrvs/www/mall/Application/Home/Controller/IndexController.class.php 第 128 行.
NOTIC: [2] Use of undefined constant id - assumed 'id' (this will throw an Error in a future version of PHP) /Applications/MxSrvs/www/mall/Application/Home/Controller/IndexController.class.php 第 130 行.
NOTIC: [2] Use of undefined constant price - assumed 'price' (this will throw an Error in a future version of PHP) /Applications/MxSrvs/www/mall/Application/Home/Controller/IndexController.class.php 第 131 行.
NOTIC: [2] Use of undefined constant name - assumed 'name' (this will throw an Error in a future version of PHP) /Applications/MxSrvs/www/mall/Application/Home/Controller/IndexController.class.php 第 133 行.
NOTIC: [2] Use of undefined constant price - assumed 'price' (this will throw an Error in a future version of PHP) /Applications/MxSrvs/www/mall/Application/Home/Controller/IndexController.class.php 第 134 行.
NOTIC: [2] Use of undefined constant price - assumed 'price' (this will throw an Error in a future version of PHP) /Applications/MxSrvs/www/mall/Application/Home/Controller/IndexController.class.php 第 136 行.
SQL: SELECT * FROM `goods` WHERE `id` = 15 LIMIT 1   [ RunTime:0.0004s ]
NOTIC: [2] Use of undefined constant imgs - assumed 'imgs' (this will throw an Error in a future version of PHP) /Applications/MxSrvs/www/mall/Application/Home/Controller/IndexController.class.php 第 126 行.
NOTIC: [2] Use of undefined constant info - assumed 'info' (this will throw an Error in a future version of PHP) /Applications/MxSrvs/www/mall/Application/Home/Controller/IndexController.class.php 第 128 行.
NOTIC: [2] Use of undefined constant id - assumed 'id' (this will throw an Error in a future version of PHP) /Applications/MxSrvs/www/mall/Application/Home/Controller/IndexController.class.php 第 130 行.
NOTIC: [2] Use of undefined constant price - assumed 'price' (this will throw an Error in a future version of PHP) /Applications/MxSrvs/www/mall/Application/Home/Controller/IndexController.class.php 第 131 行.
NOTIC: [2] Use of undefined constant name - assumed 'name' (this will throw an Error in a future version of PHP) /Applications/MxSrvs/www/mall/Application/Home/Controller/IndexController.class.php 第 133 行.
NOTIC: [2] Use of undefined constant price - assumed 'price' (this will throw an Error in a future version of PHP) /Applications/MxSrvs/www/mall/Application/Home/Controller/IndexController.class.php 第 134 行.
NOTIC: [2] Use of undefined constant price - assumed 'price' (this will throw an Error in a future version of PHP) /Applications/MxSrvs/www/mall/Application/Home/Controller/IndexController.class.php 第 136 行.
INFO: [ app_end ] --START--
INFO: Run Behavior\ShowPageTraceBehavior [ RunTime:0.000615s ]
INFO: [ app_end ] --END-- [ RunTime:0.000725s ]

[ 2019-10-07T14:18:58+08:00 ] 127.0.0.1 /mall/?a=getOrder
INFO: [ app_init ] --START--
INFO: Run Behavior\BuildLiteBehavior [ RunTime:0.000018s ]
INFO: [ app_init ] --END-- [ RunTime:0.000284s ]
INFO: [ app_begin ] --START--
INFO: Run Behavior\ReadHtmlCacheBehavior [ RunTime:0.000373s ]
INFO: [ app_begin ] --END-- [ RunTime:0.000422s ]
SQL: SHOW COLUMNS FROM `order` [ RunTime:0.0005s ]
SQL: SELECT * FROM `order`  [ RunTime:0.0002s ]
INFO: [ app_end ] --START--
INFO: Run Behavior\ShowPageTraceBehavior [ RunTime:0.000654s ]
INFO: [ app_end ] --END-- [ RunTime:0.000713s ]

[ 2019-10-07T14:19:04+08:00 ] 127.0.0.1 /mall/?a=car
INFO: [ app_init ] --START--
INFO: Run Behavior\BuildLiteBehavior [ RunTime:0.000016s ]
INFO: [ app_init ] --END-- [ RunTime:0.000303s ]
INFO: [ app_begin ] --START--
INFO: Run Behavior\ReadHtmlCacheBehavior [ RunTime:0.000292s ]
INFO: [ app_begin ] --END-- [ RunTime:0.000336s ]
INFO: [ view_parse ] --START--
INFO: [ template_filter ] --START--
INFO: Run Behavior\ContentReplaceBehavior [ RunTime:0.000078s ]
INFO: [ template_filter ] --END-- [ RunTime:0.000129s ]
INFO: Run Behavior\ParseTemplateBehavior [ RunTime:0.005854s ]
INFO: [ view_parse ] --END-- [ RunTime:0.005902s ]
INFO: [ view_filter ] --START--
INFO: Run Behavior\WriteHtmlCacheBehavior [ RunTime:0.000100s ]
INFO: [ view_filter ] --END-- [ RunTime:0.000136s ]
INFO: [ app_end ] --START--
INFO: Run Behavior\ShowPageTraceBehavior [ RunTime:0.000440s ]
INFO: [ app_end ] --END-- [ RunTime:0.000483s ]

[ 2019-10-07T14:19:05+08:00 ] 127.0.0.1 /mall/?a=Allcar
INFO: [ app_init ] --START--
INFO: Run Behavior\BuildLiteBehavior [ RunTime:0.000033s ]
INFO: [ app_init ] --END-- [ RunTime:0.000407s ]
INFO: [ app_begin ] --START--
INFO: Run Behavior\ReadHtmlCacheBehavior [ RunTime:0.000443s ]
INFO: [ app_begin ] --END-- [ RunTime:0.000509s ]
SQL: SHOW COLUMNS FROM `goods` [ RunTime:0.0005s ]
SQL: SELECT * FROM `goods` WHERE `id` = 17 LIMIT 1   [ RunTime:0.0003s ]
NOTIC: [2] Use of undefined constant imgs - assumed 'imgs' (this will throw an Error in a future version of PHP) /Applications/MxSrvs/www/mall/Application/Home/Controller/IndexController.class.php 第 126 行.
NOTIC: [2] Use of undefined constant info - assumed 'info' (this will throw an Error in a future version of PHP) /Applications/MxSrvs/www/mall/Application/Home/Controller/IndexController.class.php 第 128 行.
NOTIC: [2] Use of undefined constant id - assumed 'id' (this will throw an Error in a future version of PHP) /Applications/MxSrvs/www/mall/Application/Home/Controller/IndexController.class.php 第 130 行.
NOTIC: [2] Use of undefined constant price - assumed 'price' (this will throw an Error in a future version of PHP) /Applications/MxSrvs/www/mall/Application/Home/Controller/IndexController.class.php 第 131 行.
NOTIC: [2] Use of undefined constant name - assumed 'name' (this will throw an Error in a future version of PHP) /Applications/MxSrvs/www/mall/Application/Home/Controller/IndexController.class.php 第 133 行.
NOTIC: [2] Use of undefined constant price - assumed 'price' (this will throw an Error in a future version of PHP) /Applications/MxSrvs/www/mall/Application/Home/Controller/IndexController.class.php 第 134 行.
NOTIC: [2] Use of undefined constant price - assumed 'price' (this will throw an Error in a future version of PHP) /Applications/MxSrvs/www/mall/Application/Home/Controller/IndexController.class.php 第 136 行.
SQL: SELECT * FROM `goods` WHERE `id` = 16 LIMIT 1   [ RunTime:0.0002s ]
NOTIC: [2] Use of undefined constant imgs - assumed 'imgs' (this will throw an Error in a future version of PHP) /Applications/MxSrvs/www/mall/Application/Home/Controller/IndexController.class.php 第 126 行.
NOTIC: [2] Use of undefined constant info - assumed 'info' (this will throw an Error in a future version of PHP) /Applications/MxSrvs/www/mall/Application/Home/Controller/IndexController.class.php 第 128 行.
NOTIC: [2] Use of undefined constant id - assumed 'id' (this will throw an Error in a future version of PHP) /Applications/MxSrvs/www/mall/Application/Home/Controller/IndexController.class.php 第 130 行.
NOTIC: [2] Use of undefined constant price - assumed 'price' (this will throw an Error in a future version of PHP) /Applications/MxSrvs/www/mall/Application/Home/Controller/IndexController.class.php 第 131 行.
NOTIC: [2] Use of undefined constant name - assumed 'name' (this will throw an Error in a future version of PHP) /Applications/MxSrvs/www/mall/Application/Home/Controller/IndexController.class.php 第 133 行.
NOTIC: [2] Use of undefined constant price - assumed 'price' (this will throw an Error in a future version of PHP) /Applications/MxSrvs/www/mall/Application/Home/Controller/IndexController.class.php 第 134 行.
NOTIC: [2] Use of undefined constant price - assumed 'price' (this will throw an Error in a future version of PHP) /Applications/MxSrvs/www/mall/Application/Home/Controller/IndexController.class.php 第 136 行.
SQL: SELECT * FROM `goods` WHERE `id` = 15 LIMIT 1   [ RunTime:0.0004s ]
NOTIC: [2] Use of undefined constant imgs - assumed 'imgs' (this will throw an Error in a future version of PHP) /Applications/MxSrvs/www/mall/Application/Home/Controller/IndexController.class.php 第 126 行.
NOTIC: [2] Use of undefined constant info - assumed 'info' (this will throw an Error in a future version of PHP) /Applications/MxSrvs/www/mall/Application/Home/Controller/IndexController.class.php 第 128 行.
NOTIC: [2] Use of undefined constant id - assumed 'id' (this will throw an Error in a future version of PHP) /Applications/MxSrvs/www/mall/Application/Home/Controller/IndexController.class.php 第 130 行.
NOTIC: [2] Use of undefined constant price - assumed 'price' (this will throw an Error in a future version of PHP) /Applications/MxSrvs/www/mall/Application/Home/Controller/IndexController.class.php 第 131 行.
NOTIC: [2] Use of undefined constant name - assumed 'name' (this will throw an Error in a future version of PHP) /Applications/MxSrvs/www/mall/Application/Home/Controller/IndexController.class.php 第 133 行.
NOTIC: [2] Use of undefined constant price - assumed 'price' (this will throw an Error in a future version of PHP) /Applications/MxSrvs/www/mall/Application/Home/Controller/IndexController.class.php 第 134 行.
NOTIC: [2] Use of undefined constant price - assumed 'price' (this will throw an Error in a future version of PHP) /Applications/MxSrvs/www/mall/Application/Home/Controller/IndexController.class.php 第 136 行.
INFO: [ app_end ] --START--
INFO: Run Behavior\ShowPageTraceBehavior [ RunTime:0.000596s ]
INFO: [ app_end ] --END-- [ RunTime:0.000666s ]

[ 2019-10-07T14:19:07+08:00 ] 127.0.0.1 /mall/?a=checkout
INFO: [ app_init ] --START--
INFO: Run Behavior\BuildLiteBehavior [ RunTime:0.000018s ]
INFO: [ app_init ] --END-- [ RunTime:0.000259s ]
INFO: [ app_begin ] --START--
INFO: Run Behavior\ReadHtmlCacheBehavior [ RunTime:0.000275s ]
INFO: [ app_begin ] --END-- [ RunTime:0.000320s ]
INFO: [ view_parse ] --START--
INFO: [ template_filter ] --START--
INFO: Run Behavior\ContentReplaceBehavior [ RunTime:0.000059s ]
INFO: [ template_filter ] --END-- [ RunTime:0.000110s ]
INFO: Run Behavior\ParseTemplateBehavior [ RunTime:0.006105s ]
INFO: [ view_parse ] --END-- [ RunTime:0.006153s ]
INFO: [ view_filter ] --START--
INFO: Run Behavior\WriteHtmlCacheBehavior [ RunTime:0.000119s ]
INFO: [ view_filter ] --END-- [ RunTime:0.000157s ]
INFO: [ app_end ] --START--
INFO: Run Behavior\ShowPageTraceBehavior [ RunTime:0.000281s ]
INFO: [ app_end ] --END-- [ RunTime:0.000321s ]

[ 2019-10-07T14:19:07+08:00 ] 127.0.0.1 /mall/?a=Allcar
INFO: [ app_init ] --START--
INFO: Run Behavior\BuildLiteBehavior [ RunTime:0.000020s ]
INFO: [ app_init ] --END-- [ RunTime:0.000260s ]
INFO: [ app_begin ] --START--
INFO: Run Behavior\ReadHtmlCacheBehavior [ RunTime:0.000307s ]
INFO: [ app_begin ] --END-- [ RunTime:0.000350s ]
SQL: SHOW COLUMNS FROM `goods` [ RunTime:0.0004s ]
SQL: SELECT * FROM `goods` WHERE `id` = 17 LIMIT 1   [ RunTime:0.0003s ]
NOTIC: [2] Use of undefined constant imgs - assumed 'imgs' (this will throw an Error in a future version of PHP) /Applications/MxSrvs/www/mall/Application/Home/Controller/IndexController.class.php 第 126 行.
NOTIC: [2] Use of undefined constant info - assumed 'info' (this will throw an Error in a future version of PHP) /Applications/MxSrvs/www/mall/Application/Home/Controller/IndexController.class.php 第 128 行.
NOTIC: [2] Use of undefined constant id - assumed 'id' (this will throw an Error in a future version of PHP) /Applications/MxSrvs/www/mall/Application/Home/Controller/IndexController.class.php 第 130 行.
NOTIC: [2] Use of undefined constant price - assumed 'price' (this will throw an Error in a future version of PHP) /Applications/MxSrvs/www/mall/Application/Home/Controller/IndexController.class.php 第 131 行.
NOTIC: [2] Use of undefined constant name - assumed 'name' (this will throw an Error in a future version of PHP) /Applications/MxSrvs/www/mall/Application/Home/Controller/IndexController.class.php 第 133 行.
NOTIC: [2] Use of undefined constant price - assumed 'price' (this will throw an Error in a future version of PHP) /Applications/MxSrvs/www/mall/Application/Home/Controller/IndexController.class.php 第 134 行.
NOTIC: [2] Use of undefined constant price - assumed 'price' (this will throw an Error in a future version of PHP) /Applications/MxSrvs/www/mall/Application/Home/Controller/IndexController.class.php 第 136 行.
SQL: SELECT * FROM `goods` WHERE `id` = 16 LIMIT 1   [ RunTime:0.0002s ]
NOTIC: [2] Use of undefined constant imgs - assumed 'imgs' (this will throw an Error in a future version of PHP) /Applications/MxSrvs/www/mall/Application/Home/Controller/IndexController.class.php 第 126 行.
NOTIC: [2] Use of undefined constant info - assumed 'info' (this will throw an Error in a future version of PHP) /Applications/MxSrvs/www/mall/Application/Home/Controller/IndexController.class.php 第 128 行.
NOTIC: [2] Use of undefined constant id - assumed 'id' (this will throw an Error in a future version of PHP) /Applications/MxSrvs/www/mall/Application/Home/Controller/IndexController.class.php 第 130 行.
NOTIC: [2] Use of undefined constant price - assumed 'price' (this will throw an Error in a future version of PHP) /Applications/MxSrvs/www/mall/Application/Home/Controller/IndexController.class.php 第 131 行.
NOTIC: [2] Use of undefined constant name - assumed 'name' (this will throw an Error in a future version of PHP) /Applications/MxSrvs/www/mall/Application/Home/Controller/IndexController.class.php 第 133 行.
NOTIC: [2] Use of undefined constant price - assumed 'price' (this will throw an Error in a future version of PHP) /Applications/MxSrvs/www/mall/Application/Home/Controller/IndexController.class.php 第 134 行.
NOTIC: [2] Use of undefined constant price - assumed 'price' (this will throw an Error in a future version of PHP) /Applications/MxSrvs/www/mall/Application/Home/Controller/IndexController.class.php 第 136 行.
SQL: SELECT * FROM `goods` WHERE `id` = 15 LIMIT 1   [ RunTime:0.0002s ]
NOTIC: [2] Use of undefined constant imgs - assumed 'imgs' (this will throw an Error in a future version of PHP) /Applications/MxSrvs/www/mall/Application/Home/Controller/IndexController.class.php 第 126 行.
NOTIC: [2] Use of undefined constant info - assumed 'info' (this will throw an Error in a future version of PHP) /Applications/MxSrvs/www/mall/Application/Home/Controller/IndexController.class.php 第 128 行.
NOTIC: [2] Use of undefined constant id - assumed 'id' (this will throw an Error in a future version of PHP) /Applications/MxSrvs/www/mall/Application/Home/Controller/IndexController.class.php 第 130 行.
NOTIC: [2] Use of undefined constant price - assumed 'price' (this will throw an Error in a future version of PHP) /Applications/MxSrvs/www/mall/Application/Home/Controller/IndexController.class.php 第 131 行.
NOTIC: [2] Use of undefined constant name - assumed 'name' (this will throw an Error in a future version of PHP) /Applications/MxSrvs/www/mall/Application/Home/Controller/IndexController.class.php 第 133 行.
NOTIC: [2] Use of undefined constant price - assumed 'price' (this will throw an Error in a future version of PHP) /Applications/MxSrvs/www/mall/Application/Home/Controller/IndexController.class.php 第 134 行.
NOTIC: [2] Use of undefined constant price - assumed 'price' (this will throw an Error in a future version of PHP) /Applications/MxSrvs/www/mall/Application/Home/Controller/IndexController.class.php 第 136 行.
INFO: [ app_end ] --START--
INFO: Run Behavior\ShowPageTraceBehavior [ RunTime:0.000354s ]
INFO: [ app_end ] --END-- [ RunTime:0.000395s ]

[ 2019-10-07T14:19:42+08:00 ] 127.0.0.1 /mall/?a=addOrder
INFO: [ app_init ] --START--
INFO: Run Behavior\BuildLiteBehavior [ RunTime:0.000018s ]
INFO: [ app_init ] --END-- [ RunTime:0.000279s ]
INFO: [ app_begin ] --START--
INFO: Run Behavior\ReadHtmlCacheBehavior [ RunTime:0.000321s ]
INFO: [ app_begin ] --END-- [ RunTime:0.000365s ]
SQL: SHOW COLUMNS FROM `goods` [ RunTime:0.0004s ]
SQL: SELECT * FROM `goods` WHERE `id` = 17 LIMIT 1   [ RunTime:0.0002s ]
NOTIC: [2] Use of undefined constant price - assumed 'price' (this will throw an Error in a future version of PHP) /Applications/MxSrvs/www/mall/Application/Home/Controller/IndexController.class.php 第 283 行.
NOTIC: [2] Use of undefined constant name - assumed 'name' (this will throw an Error in a future version of PHP) /Applications/MxSrvs/www/mall/Application/Home/Controller/IndexController.class.php 第 284 行.
SQL: SELECT * FROM `goods` WHERE `id` = 16 LIMIT 1   [ RunTime:0.0001s ]
NOTIC: [2] Use of undefined constant price - assumed 'price' (this will throw an Error in a future version of PHP) /Applications/MxSrvs/www/mall/Application/Home/Controller/IndexController.class.php 第 283 行.
NOTIC: [2] Use of undefined constant name - assumed 'name' (this will throw an Error in a future version of PHP) /Applications/MxSrvs/www/mall/Application/Home/Controller/IndexController.class.php 第 284 行.
SQL: SELECT * FROM `goods` WHERE `id` = 15 LIMIT 1   [ RunTime:0.0002s ]
NOTIC: [2] Use of undefined constant price - assumed 'price' (this will throw an Error in a future version of PHP) /Applications/MxSrvs/www/mall/Application/Home/Controller/IndexController.class.php 第 283 行.
NOTIC: [2] Use of undefined constant name - assumed 'name' (this will throw an Error in a future version of PHP) /Applications/MxSrvs/www/mall/Application/Home/Controller/IndexController.class.php 第 284 行.
SQL: SHOW COLUMNS FROM `order` [ RunTime:0.0004s ]
SQL: INSERT INTO `order` (`total`,`details`,`address`,`datatime`) VALUES ('467','限量版模特X1,gucci短袖X3,dior寸衫X1,','地址：baoyuanerqu jiajiali happy newyear  love you,姓名：mutou','2019-10-07 14:19:42') [ RunTime:0.0015s ]
INFO: [ app_end ] --START--
INFO: Run Behavior\ShowPageTraceBehavior [ RunTime:0.000336s ]
INFO: [ app_end ] --END-- [ RunTime:0.000387s ]

[ 2019-10-07T14:19:44+08:00 ] 127.0.0.1 /mall/?a=order
INFO: [ app_init ] --START--
INFO: Run Behavior\BuildLiteBehavior [ RunTime:0.000015s ]
INFO: [ app_init ] --END-- [ RunTime:0.000305s ]
INFO: [ app_begin ] --START--
INFO: Run Behavior\ReadHtmlCacheBehavior [ RunTime:0.000247s ]
INFO: [ app_begin ] --END-- [ RunTime:0.000292s ]
INFO: [ view_parse ] --START--
INFO: [ template_filter ] --START--
INFO: Run Behavior\ContentReplaceBehavior [ RunTime:0.000077s ]
INFO: [ template_filter ] --END-- [ RunTime:0.000172s ]
NOTIC: [8] Undefined variable: result /Applications/MxSrvs/www/mall/Application/Runtime/Cache/Home/8949db934eb329596d6597a5bd33b1bf.php 第 89 行.
INFO: Run Behavior\ParseTemplateBehavior [ RunTime:0.005470s ]
INFO: [ view_parse ] --END-- [ RunTime:0.005516s ]
INFO: [ view_filter ] --START--
INFO: Run Behavior\WriteHtmlCacheBehavior [ RunTime:0.000153s ]
INFO: [ view_filter ] --END-- [ RunTime:0.000196s ]
INFO: [ app_end ] --START--
INFO: Run Behavior\ShowPageTraceBehavior [ RunTime:0.000407s ]
INFO: [ app_end ] --END-- [ RunTime:0.000477s ]

[ 2019-10-07T14:19:44+08:00 ] 127.0.0.1 /mall/?a=Allcar
INFO: [ app_init ] --START--
INFO: Run Behavior\BuildLiteBehavior [ RunTime:0.000022s ]
INFO: [ app_init ] --END-- [ RunTime:0.000271s ]
INFO: [ app_begin ] --START--
INFO: Run Behavior\ReadHtmlCacheBehavior [ RunTime:0.000225s ]
INFO: [ app_begin ] --END-- [ RunTime:0.000266s ]
INFO: [ app_end ] --START--
INFO: Run Behavior\ShowPageTraceBehavior [ RunTime:0.000290s ]
INFO: [ app_end ] --END-- [ RunTime:0.000345s ]

[ 2019-10-07T14:19:44+08:00 ] 127.0.0.1 /mall/?a=getOrder
INFO: [ app_init ] --START--
INFO: Run Behavior\BuildLiteBehavior [ RunTime:0.000013s ]
INFO: [ app_init ] --END-- [ RunTime:0.000219s ]
INFO: [ app_begin ] --START--
INFO: Run Behavior\ReadHtmlCacheBehavior [ RunTime:0.000335s ]
INFO: [ app_begin ] --END-- [ RunTime:0.000398s ]
SQL: SHOW COLUMNS FROM `order` [ RunTime:0.0005s ]
SQL: SELECT * FROM `order`  [ RunTime:0.0003s ]
INFO: [ app_end ] --START--
INFO: Run Behavior\ShowPageTraceBehavior [ RunTime:0.000603s ]
INFO: [ app_end ] --END-- [ RunTime:0.000685s ]

