[ 2019-10-01T11:08:05+08:00 ] 127.0.0.1 /mall/
INFO: [ app_init ] --START--
INFO: Run Behavior\BuildLiteBehavior [ RunTime:0.000020s ]
INFO: [ app_init ] --END-- [ RunTime:0.000642s ]
INFO: [ app_begin ] --START--
INFO: Run Behavior\ReadHtmlCacheBehavior [ RunTime:0.000686s ]
INFO: [ app_begin ] --END-- [ RunTime:0.000741s ]
SQL: SHOW COLUMNS FROM `goods` [ RunTime:0.0032s ]
SQL: SELECT * FROM `goods`  [ RunTime:0.0004s ]
INFO: [ view_parse ] --START--
INFO: [ template_filter ] --START--
INFO: Run Behavior\ContentReplaceBehavior [ RunTime:0.000073s ]
INFO: [ template_filter ] --END-- [ RunTime:0.000119s ]
NOTIC: [8] Undefined variable: arr /Applications/MxSrvs/www/mall/Application/Runtime/Cache/Home/2a94b8bda04ff446dcedd42276fc99ee.php 第 2 行.
NOTIC: [2] Use of undefined constant imgs - assumed 'imgs' (this will throw an Error in a future version of PHP) /Applications/MxSrvs/www/mall/Application/Runtime/Cache/Home/2a94b8bda04ff446dcedd42276fc99ee.php 第 78 行.
NOTIC: [2] Use of undefined constant imgs - assumed 'imgs' (this will throw an Error in a future version of PHP) /Applications/MxSrvs/www/mall/Application/Runtime/Cache/Home/2a94b8bda04ff446dcedd42276fc99ee.php 第 82 行.
NOTIC: [2] Use of undefined constant imgs - assumed 'imgs' (this will throw an Error in a future version of PHP) /Applications/MxSrvs/www/mall/Application/Runtime/Cache/Home/2a94b8bda04ff446dcedd42276fc99ee.php 第 78 行.
NOTIC: [2] Use of undefined constant imgs - assumed 'imgs' (this will throw an Error in a future version of PHP) /Applications/MxSrvs/www/mall/Application/Runtime/Cache/Home/2a94b8bda04ff446dcedd42276fc99ee.php 第 82 行.
NOTIC: [2] Use of undefined constant imgs - assumed 'imgs' (this will throw an Error in a future version of PHP) /Applications/MxSrvs/www/mall/Application/Runtime/Cache/Home/2a94b8bda04ff446dcedd42276fc99ee.php 第 78 行.
NOTIC: [2] Use of undefined constant imgs - assumed 'imgs' (this will throw an Error in a future version of PHP) /Applications/MxSrvs/www/mall/Application/Runtime/Cache/Home/2a94b8bda04ff446dcedd42276fc99ee.php 第 82 行.
NOTIC: [2] Use of undefined constant imgs - assumed 'imgs' (this will throw an Error in a future version of PHP) /Applications/MxSrvs/www/mall/Application/Runtime/Cache/Home/2a94b8bda04ff446dcedd42276fc99ee.php 第 78 行.
NOTIC: [2] Use of undefined constant imgs - assumed 'imgs' (this will throw an Error in a future version of PHP) /Applications/MxSrvs/www/mall/Application/Runtime/Cache/Home/2a94b8bda04ff446dcedd42276fc99ee.php 第 82 行.
NOTIC: [2] Use of undefined constant imgs - assumed 'imgs' (this will throw an Error in a future version of PHP) /Applications/MxSrvs/www/mall/Application/Runtime/Cache/Home/2a94b8bda04ff446dcedd42276fc99ee.php 第 78 行.
NOTIC: [2] Use of undefined constant imgs - assumed 'imgs' (this will throw an Error in a future version of PHP) /Applications/MxSrvs/www/mall/Application/Runtime/Cache/Home/2a94b8bda04ff446dcedd42276fc99ee.php 第 82 行.
INFO: Run Behavior\ParseTemplateBehavior [ RunTime:0.009374s ]
INFO: [ view_parse ] --END-- [ RunTime:0.009414s ]
INFO: [ view_filter ] --START--
INFO: Run Behavior\WriteHtmlCacheBehavior [ RunTime:0.000753s ]
INFO: [ view_filter ] --END-- [ RunTime:0.000796s ]
INFO: [ app_end ] --START--
INFO: Run Behavior\ShowPageTraceBehavior [ RunTime:0.000678s ]
INFO: [ app_end ] --END-- [ RunTime:0.000722s ]

[ 2019-10-01T11:08:05+08:00 ] 127.0.0.1 /mall/?a=Allcar
INFO: [ app_init ] --START--
INFO: Run Behavior\BuildLiteBehavior [ RunTime:0.000016s ]
INFO: [ app_init ] --END-- [ RunTime:0.000236s ]
INFO: [ app_begin ] --START--
INFO: Run Behavior\ReadHtmlCacheBehavior [ RunTime:0.000258s ]
INFO: [ app_begin ] --END-- [ RunTime:0.000295s ]
INFO: [ app_end ] --START--
INFO: Run Behavior\ShowPageTraceBehavior [ RunTime:0.000341s ]
INFO: [ app_end ] --END-- [ RunTime:0.000416s ]

[ 2019-10-01T11:08:11+08:00 ] 127.0.0.1 /mall/?a=order
INFO: [ app_init ] --START--
INFO: Run Behavior\BuildLiteBehavior [ RunTime:0.000018s ]
INFO: [ app_init ] --END-- [ RunTime:0.000270s ]
INFO: [ app_begin ] --START--
INFO: Run Behavior\ReadHtmlCacheBehavior [ RunTime:0.000309s ]
INFO: [ app_begin ] --END-- [ RunTime:0.000356s ]
SQL: SHOW COLUMNS FROM `order` [ RunTime:0.0024s ]
SQL: SELECT * FROM `order`  [ RunTime:0.0002s ]
INFO: [ view_parse ] --START--
INFO: [ template_filter ] --START--
INFO: Run Behavior\ContentReplaceBehavior [ RunTime:0.000056s ]
INFO: [ template_filter ] --END-- [ RunTime:0.000103s ]
INFO: Run Behavior\ParseTemplateBehavior [ RunTime:0.005526s ]
INFO: [ view_parse ] --END-- [ RunTime:0.005581s ]
INFO: [ view_filter ] --START--
INFO: Run Behavior\WriteHtmlCacheBehavior [ RunTime:0.000111s ]
INFO: [ view_filter ] --END-- [ RunTime:0.000146s ]
INFO: [ app_end ] --START--
INFO: Run Behavior\ShowPageTraceBehavior [ RunTime:0.000284s ]
INFO: [ app_end ] --END-- [ RunTime:0.000321s ]

[ 2019-10-01T11:08:11+08:00 ] 127.0.0.1 /mall/?a=Allcar
INFO: [ app_init ] --START--
INFO: Run Behavior\BuildLiteBehavior [ RunTime:0.000015s ]
INFO: [ app_init ] --END-- [ RunTime:0.000257s ]
INFO: [ app_begin ] --START--
INFO: Run Behavior\ReadHtmlCacheBehavior [ RunTime:0.000272s ]
INFO: [ app_begin ] --END-- [ RunTime:0.000309s ]
INFO: [ app_end ] --START--
INFO: Run Behavior\ShowPageTraceBehavior [ RunTime:0.000339s ]
INFO: [ app_end ] --END-- [ RunTime:0.000400s ]

[ 2019-10-01T11:08:18+08:00 ] 127.0.0.1 /mall/
INFO: [ app_init ] --START--
INFO: Run Behavior\BuildLiteBehavior [ RunTime:0.000025s ]
INFO: [ app_init ] --END-- [ RunTime:0.000334s ]
INFO: [ app_begin ] --START--
INFO: Run Behavior\ReadHtmlCacheBehavior [ RunTime:0.000316s ]
INFO: [ app_begin ] --END-- [ RunTime:0.000369s ]
SQL: SHOW COLUMNS FROM `goods` [ RunTime:0.0013s ]
SQL: SELECT * FROM `goods`  [ RunTime:0.0003s ]
INFO: [ view_parse ] --START--
INFO: [ template_filter ] --START--
INFO: Run Behavior\ContentReplaceBehavior [ RunTime:0.000117s ]
INFO: [ template_filter ] --END-- [ RunTime:0.000222s ]
NOTIC: [8] Undefined variable: arr /Applications/MxSrvs/www/mall/Application/Runtime/Cache/Home/2a94b8bda04ff446dcedd42276fc99ee.php 第 2 行.
NOTIC: [2] Use of undefined constant imgs - assumed 'imgs' (this will throw an Error in a future version of PHP) /Applications/MxSrvs/www/mall/Application/Runtime/Cache/Home/2a94b8bda04ff446dcedd42276fc99ee.php 第 78 行.
NOTIC: [2] Use of undefined constant imgs - assumed 'imgs' (this will throw an Error in a future version of PHP) /Applications/MxSrvs/www/mall/Application/Runtime/Cache/Home/2a94b8bda04ff446dcedd42276fc99ee.php 第 82 行.
NOTIC: [2] Use of undefined constant imgs - assumed 'imgs' (this will throw an Error in a future version of PHP) /Applications/MxSrvs/www/mall/Application/Runtime/Cache/Home/2a94b8bda04ff446dcedd42276fc99ee.php 第 78 行.
NOTIC: [2] Use of undefined constant imgs - assumed 'imgs' (this will throw an Error in a future version of PHP) /Applications/MxSrvs/www/mall/Application/Runtime/Cache/Home/2a94b8bda04ff446dcedd42276fc99ee.php 第 82 行.
NOTIC: [2] Use of undefined constant imgs - assumed 'imgs' (this will throw an Error in a future version of PHP) /Applications/MxSrvs/www/mall/Application/Runtime/Cache/Home/2a94b8bda04ff446dcedd42276fc99ee.php 第 78 行.
NOTIC: [2] Use of undefined constant imgs - assumed 'imgs' (this will throw an Error in a future version of PHP) /Applications/MxSrvs/www/mall/Application/Runtime/Cache/Home/2a94b8bda04ff446dcedd42276fc99ee.php 第 82 行.
NOTIC: [2] Use of undefined constant imgs - assumed 'imgs' (this will throw an Error in a future version of PHP) /Applications/MxSrvs/www/mall/Application/Runtime/Cache/Home/2a94b8bda04ff446dcedd42276fc99ee.php 第 78 行.
NOTIC: [2] Use of undefined constant imgs - assumed 'imgs' (this will throw an Error in a future version of PHP) /Applications/MxSrvs/www/mall/Application/Runtime/Cache/Home/2a94b8bda04ff446dcedd42276fc99ee.php 第 82 行.
NOTIC: [2] Use of undefined constant imgs - assumed 'imgs' (this will throw an Error in a future version of PHP) /Applications/MxSrvs/www/mall/Application/Runtime/Cache/Home/2a94b8bda04ff446dcedd42276fc99ee.php 第 78 行.
NOTIC: [2] Use of undefined constant imgs - assumed 'imgs' (this will throw an Error in a future version of PHP) /Applications/MxSrvs/www/mall/Application/Runtime/Cache/Home/2a94b8bda04ff446dcedd42276fc99ee.php 第 82 行.
INFO: Run Behavior\ParseTemplateBehavior [ RunTime:0.007963s ]
INFO: [ view_parse ] --END-- [ RunTime:0.008014s ]
INFO: [ view_filter ] --START--
INFO: Run Behavior\WriteHtmlCacheBehavior [ RunTime:0.000172s ]
INFO: [ view_filter ] --END-- [ RunTime:0.000227s ]
INFO: [ app_end ] --START--
INFO: Run Behavior\ShowPageTraceBehavior [ RunTime:0.000404s ]
INFO: [ app_end ] --END-- [ RunTime:0.000458s ]

[ 2019-10-01T11:08:18+08:00 ] 127.0.0.1 /mall/?a=Allcar
INFO: [ app_init ] --START--
INFO: Run Behavior\BuildLiteBehavior [ RunTime:0.000035s ]
INFO: [ app_init ] --END-- [ RunTime:0.000297s ]
INFO: [ app_begin ] --START--
INFO: Run Behavior\ReadHtmlCacheBehavior [ RunTime:0.000428s ]
INFO: [ app_begin ] --END-- [ RunTime:0.000464s ]
INFO: [ app_end ] --START--
INFO: Run Behavior\ShowPageTraceBehavior [ RunTime:0.000470s ]
INFO: [ app_end ] --END-- [ RunTime:0.000583s ]

[ 2019-10-01T14:51:17+08:00 ] 127.0.0.1 /mall/
INFO: [ app_init ] --START--
INFO: Run Behavior\BuildLiteBehavior [ RunTime:0.000039s ]
INFO: [ app_init ] --END-- [ RunTime:0.000753s ]
INFO: [ app_begin ] --START--
INFO: Run Behavior\ReadHtmlCacheBehavior [ RunTime:0.000777s ]
INFO: [ app_begin ] --END-- [ RunTime:0.000828s ]
SQL: SHOW COLUMNS FROM `goods` [ RunTime:0.0032s ]
SQL: SELECT * FROM `goods`  [ RunTime:0.0004s ]
INFO: [ view_parse ] --START--
INFO: [ template_filter ] --START--
INFO: Run Behavior\ContentReplaceBehavior [ RunTime:0.000068s ]
INFO: [ template_filter ] --END-- [ RunTime:0.000116s ]
NOTIC: [8] Undefined variable: arr /Applications/MxSrvs/www/mall/Application/Runtime/Cache/Home/2a94b8bda04ff446dcedd42276fc99ee.php 第 2 行.
NOTIC: [2] Use of undefined constant imgs - assumed 'imgs' (this will throw an Error in a future version of PHP) /Applications/MxSrvs/www/mall/Application/Runtime/Cache/Home/2a94b8bda04ff446dcedd42276fc99ee.php 第 78 行.
NOTIC: [2] Use of undefined constant imgs - assumed 'imgs' (this will throw an Error in a future version of PHP) /Applications/MxSrvs/www/mall/Application/Runtime/Cache/Home/2a94b8bda04ff446dcedd42276fc99ee.php 第 82 行.
NOTIC: [2] Use of undefined constant imgs - assumed 'imgs' (this will throw an Error in a future version of PHP) /Applications/MxSrvs/www/mall/Application/Runtime/Cache/Home/2a94b8bda04ff446dcedd42276fc99ee.php 第 78 行.
NOTIC: [2] Use of undefined constant imgs - assumed 'imgs' (this will throw an Error in a future version of PHP) /Applications/MxSrvs/www/mall/Application/Runtime/Cache/Home/2a94b8bda04ff446dcedd42276fc99ee.php 第 82 行.
NOTIC: [2] Use of undefined constant imgs - assumed 'imgs' (this will throw an Error in a future version of PHP) /Applications/MxSrvs/www/mall/Application/Runtime/Cache/Home/2a94b8bda04ff446dcedd42276fc99ee.php 第 78 行.
NOTIC: [2] Use of undefined constant imgs - assumed 'imgs' (this will throw an Error in a future version of PHP) /Applications/MxSrvs/www/mall/Application/Runtime/Cache/Home/2a94b8bda04ff446dcedd42276fc99ee.php 第 82 行.
NOTIC: [2] Use of undefined constant imgs - assumed 'imgs' (this will throw an Error in a future version of PHP) /Applications/MxSrvs/www/mall/Application/Runtime/Cache/Home/2a94b8bda04ff446dcedd42276fc99ee.php 第 78 行.
NOTIC: [2] Use of undefined constant imgs - assumed 'imgs' (this will throw an Error in a future version of PHP) /Applications/MxSrvs/www/mall/Application/Runtime/Cache/Home/2a94b8bda04ff446dcedd42276fc99ee.php 第 82 行.
NOTIC: [2] Use of undefined constant imgs - assumed 'imgs' (this will throw an Error in a future version of PHP) /Applications/MxSrvs/www/mall/Application/Runtime/Cache/Home/2a94b8bda04ff446dcedd42276fc99ee.php 第 78 行.
NOTIC: [2] Use of undefined constant imgs - assumed 'imgs' (this will throw an Error in a future version of PHP) /Applications/MxSrvs/www/mall/Application/Runtime/Cache/Home/2a94b8bda04ff446dcedd42276fc99ee.php 第 82 行.
INFO: Run Behavior\ParseTemplateBehavior [ RunTime:0.009107s ]
INFO: [ view_parse ] --END-- [ RunTime:0.009148s ]
INFO: [ view_filter ] --START--
INFO: Run Behavior\WriteHtmlCacheBehavior [ RunTime:0.000404s ]
INFO: [ view_filter ] --END-- [ RunTime:0.000441s ]
INFO: [ app_end ] --START--
INFO: Run Behavior\ShowPageTraceBehavior [ RunTime:0.000548s ]
INFO: [ app_end ] --END-- [ RunTime:0.000587s ]

[ 2019-10-01T14:51:17+08:00 ] 127.0.0.1 /mall/?a=Allcar
INFO: [ app_init ] --START--
INFO: Run Behavior\BuildLiteBehavior [ RunTime:0.000016s ]
INFO: [ app_init ] --END-- [ RunTime:0.000245s ]
INFO: [ app_begin ] --START--
INFO: Run Behavior\ReadHtmlCacheBehavior [ RunTime:0.000244s ]
INFO: [ app_begin ] --END-- [ RunTime:0.000280s ]
INFO: [ app_end ] --START--
INFO: Run Behavior\ShowPageTraceBehavior [ RunTime:0.000345s ]
INFO: [ app_end ] --END-- [ RunTime:0.000423s ]

[ 2019-10-01T14:51:20+08:00 ] 127.0.0.1 /mall/?a=addCar
INFO: [ app_init ] --START--
INFO: Run Behavior\BuildLiteBehavior [ RunTime:0.000016s ]
INFO: [ app_init ] --END-- [ RunTime:0.000268s ]
INFO: [ app_begin ] --START--
INFO: Run Behavior\ReadHtmlCacheBehavior [ RunTime:0.000607s ]
INFO: [ app_begin ] --END-- [ RunTime:0.000647s ]
NOTIC: [2] Use of undefined constant length - assumed 'length' (this will throw an Error in a future version of PHP) /Applications/MxSrvs/www/mall/Application/Home/Controller/IndexController.class.php 第 129 行.
NOTIC: [8] Array to string conversion /Applications/MxSrvs/www/mall/Application/Home/Controller/IndexController.class.php 第 129 行.
INFO: [ app_end ] --START--
INFO: Run Behavior\ShowPageTraceBehavior [ RunTime:0.000410s ]
INFO: [ app_end ] --END-- [ RunTime:0.000449s ]

[ 2019-10-01T14:51:24+08:00 ] 127.0.0.1 /mall/?a=addCar
INFO: [ app_init ] --START--
INFO: Run Behavior\BuildLiteBehavior [ RunTime:0.000017s ]
INFO: [ app_init ] --END-- [ RunTime:0.000298s ]
INFO: [ app_begin ] --START--
INFO: Run Behavior\ReadHtmlCacheBehavior [ RunTime:0.000312s ]
INFO: [ app_begin ] --END-- [ RunTime:0.000354s ]
NOTIC: [2] Use of undefined constant length - assumed 'length' (this will throw an Error in a future version of PHP) /Applications/MxSrvs/www/mall/Application/Home/Controller/IndexController.class.php 第 129 行.
NOTIC: [8] Array to string conversion /Applications/MxSrvs/www/mall/Application/Home/Controller/IndexController.class.php 第 129 行.
INFO: [ app_end ] --START--
INFO: Run Behavior\ShowPageTraceBehavior [ RunTime:0.001030s ]
INFO: [ app_end ] --END-- [ RunTime:0.001079s ]

[ 2019-10-01T21:19:46+08:00 ] 127.0.0.1 /mall/
INFO: [ app_init ] --START--
INFO: Run Behavior\BuildLiteBehavior [ RunTime:0.000024s ]
INFO: [ app_init ] --END-- [ RunTime:0.000672s ]
INFO: [ app_begin ] --START--
INFO: Run Behavior\ReadHtmlCacheBehavior [ RunTime:0.000716s ]
INFO: [ app_begin ] --END-- [ RunTime:0.000765s ]
SQL: SHOW COLUMNS FROM `goods` [ RunTime:0.0103s ]
SQL: SELECT * FROM `goods`  [ RunTime:0.0008s ]
INFO: [ view_parse ] --START--
INFO: [ template_filter ] --START--
INFO: Run Behavior\ContentReplaceBehavior [ RunTime:0.000596s ]
INFO: [ template_filter ] --END-- [ RunTime:0.000658s ]
NOTIC: [8] Undefined variable: arr /Applications/MxSrvs/www/mall/Application/Runtime/Cache/Home/2a94b8bda04ff446dcedd42276fc99ee.php 第 2 行.
NOTIC: [2] Use of undefined constant imgs - assumed 'imgs' (this will throw an Error in a future version of PHP) /Applications/MxSrvs/www/mall/Application/Runtime/Cache/Home/2a94b8bda04ff446dcedd42276fc99ee.php 第 78 行.
NOTIC: [2] Use of undefined constant imgs - assumed 'imgs' (this will throw an Error in a future version of PHP) /Applications/MxSrvs/www/mall/Application/Runtime/Cache/Home/2a94b8bda04ff446dcedd42276fc99ee.php 第 82 行.
NOTIC: [2] Use of undefined constant imgs - assumed 'imgs' (this will throw an Error in a future version of PHP) /Applications/MxSrvs/www/mall/Application/Runtime/Cache/Home/2a94b8bda04ff446dcedd42276fc99ee.php 第 78 行.
NOTIC: [2] Use of undefined constant imgs - assumed 'imgs' (this will throw an Error in a future version of PHP) /Applications/MxSrvs/www/mall/Application/Runtime/Cache/Home/2a94b8bda04ff446dcedd42276fc99ee.php 第 82 行.
NOTIC: [2] Use of undefined constant imgs - assumed 'imgs' (this will throw an Error in a future version of PHP) /Applications/MxSrvs/www/mall/Application/Runtime/Cache/Home/2a94b8bda04ff446dcedd42276fc99ee.php 第 78 行.
NOTIC: [2] Use of undefined constant imgs - assumed 'imgs' (this will throw an Error in a future version of PHP) /Applications/MxSrvs/www/mall/Application/Runtime/Cache/Home/2a94b8bda04ff446dcedd42276fc99ee.php 第 82 行.
NOTIC: [2] Use of undefined constant imgs - assumed 'imgs' (this will throw an Error in a future version of PHP) /Applications/MxSrvs/www/mall/Application/Runtime/Cache/Home/2a94b8bda04ff446dcedd42276fc99ee.php 第 78 行.
NOTIC: [2] Use of undefined constant imgs - assumed 'imgs' (this will throw an Error in a future version of PHP) /Applications/MxSrvs/www/mall/Application/Runtime/Cache/Home/2a94b8bda04ff446dcedd42276fc99ee.php 第 82 行.
NOTIC: [2] Use of undefined constant imgs - assumed 'imgs' (this will throw an Error in a future version of PHP) /Applications/MxSrvs/www/mall/Application/Runtime/Cache/Home/2a94b8bda04ff446dcedd42276fc99ee.php 第 78 行.
NOTIC: [2] Use of undefined constant imgs - assumed 'imgs' (this will throw an Error in a future version of PHP) /Applications/MxSrvs/www/mall/Application/Runtime/Cache/Home/2a94b8bda04ff446dcedd42276fc99ee.php 第 82 行.
INFO: Run Behavior\ParseTemplateBehavior [ RunTime:0.011354s ]
INFO: [ view_parse ] --END-- [ RunTime:0.011422s ]
INFO: [ view_filter ] --START--
INFO: Run Behavior\WriteHtmlCacheBehavior [ RunTime:0.000471s ]
INFO: [ view_filter ] --END-- [ RunTime:0.000548s ]
INFO: [ app_end ] --START--
INFO: Run Behavior\ShowPageTraceBehavior [ RunTime:0.000639s ]
INFO: [ app_end ] --END-- [ RunTime:0.000690s ]

[ 2019-10-01T21:19:47+08:00 ] 127.0.0.1 /mall/?a=Allcar
INFO: [ app_init ] --START--
INFO: Run Behavior\BuildLiteBehavior [ RunTime:0.000016s ]
INFO: [ app_init ] --END-- [ RunTime:0.000250s ]
INFO: [ app_begin ] --START--
INFO: Run Behavior\ReadHtmlCacheBehavior [ RunTime:0.000261s ]
INFO: [ app_begin ] --END-- [ RunTime:0.000305s ]
INFO: [ app_end ] --START--
INFO: Run Behavior\ShowPageTraceBehavior [ RunTime:0.000370s ]
INFO: [ app_end ] --END-- [ RunTime:0.000425s ]

[ 2019-10-01T21:19:50+08:00 ] 127.0.0.1 /mall/?a=addCar
INFO: [ app_init ] --START--
INFO: Run Behavior\BuildLiteBehavior [ RunTime:0.000023s ]
INFO: [ app_init ] --END-- [ RunTime:0.000372s ]
INFO: [ app_begin ] --START--
INFO: Run Behavior\ReadHtmlCacheBehavior [ RunTime:0.000378s ]
INFO: [ app_begin ] --END-- [ RunTime:0.000425s ]
NOTIC: [2] Use of undefined constant length - assumed 'length' (this will throw an Error in a future version of PHP) /Applications/MxSrvs/www/mall/Application/Home/Controller/IndexController.class.php 第 129 行.
NOTIC: [8] Array to string conversion /Applications/MxSrvs/www/mall/Application/Home/Controller/IndexController.class.php 第 129 行.
INFO: [ app_end ] --START--
INFO: Run Behavior\ShowPageTraceBehavior [ RunTime:0.001006s ]
INFO: [ app_end ] --END-- [ RunTime:0.001060s ]

[ 2019-10-01T21:32:04+08:00 ] 127.0.0.1 /mall/
INFO: [ app_init ] --START--
INFO: Run Behavior\BuildLiteBehavior [ RunTime:0.000018s ]
INFO: [ app_init ] --END-- [ RunTime:0.000650s ]
INFO: [ app_begin ] --START--
INFO: Run Behavior\ReadHtmlCacheBehavior [ RunTime:0.000847s ]
INFO: [ app_begin ] --END-- [ RunTime:0.000895s ]
SQL: SHOW COLUMNS FROM `goods` [ RunTime:0.0017s ]
SQL: SELECT * FROM `goods`  [ RunTime:0.0002s ]
INFO: [ view_parse ] --START--
INFO: [ template_filter ] --START--
INFO: Run Behavior\ContentReplaceBehavior [ RunTime:0.000062s ]
INFO: [ template_filter ] --END-- [ RunTime:0.000114s ]
NOTIC: [8] Undefined variable: arr /Applications/MxSrvs/www/mall/Application/Runtime/Cache/Home/2a94b8bda04ff446dcedd42276fc99ee.php 第 2 行.
NOTIC: [2] Use of undefined constant imgs - assumed 'imgs' (this will throw an Error in a future version of PHP) /Applications/MxSrvs/www/mall/Application/Runtime/Cache/Home/2a94b8bda04ff446dcedd42276fc99ee.php 第 78 行.
NOTIC: [2] Use of undefined constant imgs - assumed 'imgs' (this will throw an Error in a future version of PHP) /Applications/MxSrvs/www/mall/Application/Runtime/Cache/Home/2a94b8bda04ff446dcedd42276fc99ee.php 第 82 行.
NOTIC: [2] Use of undefined constant imgs - assumed 'imgs' (this will throw an Error in a future version of PHP) /Applications/MxSrvs/www/mall/Application/Runtime/Cache/Home/2a94b8bda04ff446dcedd42276fc99ee.php 第 78 行.
NOTIC: [2] Use of undefined constant imgs - assumed 'imgs' (this will throw an Error in a future version of PHP) /Applications/MxSrvs/www/mall/Application/Runtime/Cache/Home/2a94b8bda04ff446dcedd42276fc99ee.php 第 82 行.
NOTIC: [2] Use of undefined constant imgs - assumed 'imgs' (this will throw an Error in a future version of PHP) /Applications/MxSrvs/www/mall/Application/Runtime/Cache/Home/2a94b8bda04ff446dcedd42276fc99ee.php 第 78 行.
NOTIC: [2] Use of undefined constant imgs - assumed 'imgs' (this will throw an Error in a future version of PHP) /Applications/MxSrvs/www/mall/Application/Runtime/Cache/Home/2a94b8bda04ff446dcedd42276fc99ee.php 第 82 行.
NOTIC: [2] Use of undefined constant imgs - assumed 'imgs' (this will throw an Error in a future version of PHP) /Applications/MxSrvs/www/mall/Application/Runtime/Cache/Home/2a94b8bda04ff446dcedd42276fc99ee.php 第 78 行.
NOTIC: [2] Use of undefined constant imgs - assumed 'imgs' (this will throw an Error in a future version of PHP) /Applications/MxSrvs/www/mall/Application/Runtime/Cache/Home/2a94b8bda04ff446dcedd42276fc99ee.php 第 82 行.
NOTIC: [2] Use of undefined constant imgs - assumed 'imgs' (this will throw an Error in a future version of PHP) /Applications/MxSrvs/www/mall/Application/Runtime/Cache/Home/2a94b8bda04ff446dcedd42276fc99ee.php 第 78 行.
NOTIC: [2] Use of undefined constant imgs - assumed 'imgs' (this will throw an Error in a future version of PHP) /Applications/MxSrvs/www/mall/Application/Runtime/Cache/Home/2a94b8bda04ff446dcedd42276fc99ee.php 第 82 行.
INFO: Run Behavior\ParseTemplateBehavior [ RunTime:0.009747s ]
INFO: [ view_parse ] --END-- [ RunTime:0.009793s ]
INFO: [ view_filter ] --START--
INFO: Run Behavior\WriteHtmlCacheBehavior [ RunTime:0.000380s ]
INFO: [ view_filter ] --END-- [ RunTime:0.000426s ]
INFO: [ app_end ] --START--
INFO: Run Behavior\ShowPageTraceBehavior [ RunTime:0.000771s ]
INFO: [ app_end ] --END-- [ RunTime:0.000821s ]

[ 2019-10-01T21:32:04+08:00 ] 127.0.0.1 /mall/?a=Allcar
INFO: [ app_init ] --START--
INFO: Run Behavior\BuildLiteBehavior [ RunTime:0.000017s ]
INFO: [ app_init ] --END-- [ RunTime:0.000364s ]
INFO: [ app_begin ] --START--
INFO: Run Behavior\ReadHtmlCacheBehavior [ RunTime:0.000410s ]
INFO: [ app_begin ] --END-- [ RunTime:0.000448s ]
INFO: [ app_end ] --START--
INFO: Run Behavior\ShowPageTraceBehavior [ RunTime:0.000477s ]
INFO: [ app_end ] --END-- [ RunTime:0.000530s ]

[ 2019-10-01T21:32:06+08:00 ] 127.0.0.1 /mall/
INFO: [ app_init ] --START--
INFO: Run Behavior\BuildLiteBehavior [ RunTime:0.000018s ]
INFO: [ app_init ] --END-- [ RunTime:0.000327s ]
INFO: [ app_begin ] --START--
INFO: Run Behavior\ReadHtmlCacheBehavior [ RunTime:0.000393s ]
INFO: [ app_begin ] --END-- [ RunTime:0.000443s ]
SQL: SHOW COLUMNS FROM `goods` [ RunTime:0.0010s ]
SQL: SELECT * FROM `goods`  [ RunTime:0.0003s ]
INFO: [ view_parse ] --START--
INFO: [ template_filter ] --START--
INFO: Run Behavior\ContentReplaceBehavior [ RunTime:0.000057s ]
INFO: [ template_filter ] --END-- [ RunTime:0.000104s ]
NOTIC: [8] Undefined variable: arr /Applications/MxSrvs/www/mall/Application/Runtime/Cache/Home/2a94b8bda04ff446dcedd42276fc99ee.php 第 2 行.
NOTIC: [2] Use of undefined constant imgs - assumed 'imgs' (this will throw an Error in a future version of PHP) /Applications/MxSrvs/www/mall/Application/Runtime/Cache/Home/2a94b8bda04ff446dcedd42276fc99ee.php 第 78 行.
NOTIC: [2] Use of undefined constant imgs - assumed 'imgs' (this will throw an Error in a future version of PHP) /Applications/MxSrvs/www/mall/Application/Runtime/Cache/Home/2a94b8bda04ff446dcedd42276fc99ee.php 第 82 行.
NOTIC: [2] Use of undefined constant imgs - assumed 'imgs' (this will throw an Error in a future version of PHP) /Applications/MxSrvs/www/mall/Application/Runtime/Cache/Home/2a94b8bda04ff446dcedd42276fc99ee.php 第 78 行.
NOTIC: [2] Use of undefined constant imgs - assumed 'imgs' (this will throw an Error in a future version of PHP) /Applications/MxSrvs/www/mall/Application/Runtime/Cache/Home/2a94b8bda04ff446dcedd42276fc99ee.php 第 82 行.
NOTIC: [2] Use of undefined constant imgs - assumed 'imgs' (this will throw an Error in a future version of PHP) /Applications/MxSrvs/www/mall/Application/Runtime/Cache/Home/2a94b8bda04ff446dcedd42276fc99ee.php 第 78 行.
NOTIC: [2] Use of undefined constant imgs - assumed 'imgs' (this will throw an Error in a future version of PHP) /Applications/MxSrvs/www/mall/Application/Runtime/Cache/Home/2a94b8bda04ff446dcedd42276fc99ee.php 第 82 行.
NOTIC: [2] Use of undefined constant imgs - assumed 'imgs' (this will throw an Error in a future version of PHP) /Applications/MxSrvs/www/mall/Application/Runtime/Cache/Home/2a94b8bda04ff446dcedd42276fc99ee.php 第 78 行.
NOTIC: [2] Use of undefined constant imgs - assumed 'imgs' (this will throw an Error in a future version of PHP) /Applications/MxSrvs/www/mall/Application/Runtime/Cache/Home/2a94b8bda04ff446dcedd42276fc99ee.php 第 82 行.
NOTIC: [2] Use of undefined constant imgs - assumed 'imgs' (this will throw an Error in a future version of PHP) /Applications/MxSrvs/www/mall/Application/Runtime/Cache/Home/2a94b8bda04ff446dcedd42276fc99ee.php 第 78 行.
NOTIC: [2] Use of undefined constant imgs - assumed 'imgs' (this will throw an Error in a future version of PHP) /Applications/MxSrvs/www/mall/Application/Runtime/Cache/Home/2a94b8bda04ff446dcedd42276fc99ee.php 第 82 行.
INFO: Run Behavior\ParseTemplateBehavior [ RunTime:0.005460s ]
INFO: [ view_parse ] --END-- [ RunTime:0.005502s ]
INFO: [ view_filter ] --START--
INFO: Run Behavior\WriteHtmlCacheBehavior [ RunTime:0.000106s ]
INFO: [ view_filter ] --END-- [ RunTime:0.000143s ]
INFO: [ app_end ] --START--
INFO: Run Behavior\ShowPageTraceBehavior [ RunTime:0.000282s ]
INFO: [ app_end ] --END-- [ RunTime:0.000322s ]

[ 2019-10-01T21:32:06+08:00 ] 127.0.0.1 /mall/?a=Allcar
INFO: [ app_init ] --START--
INFO: Run Behavior\BuildLiteBehavior [ RunTime:0.000018s ]
INFO: [ app_init ] --END-- [ RunTime:0.000268s ]
INFO: [ app_begin ] --START--
INFO: Run Behavior\ReadHtmlCacheBehavior [ RunTime:0.000381s ]
INFO: [ app_begin ] --END-- [ RunTime:0.000556s ]
INFO: [ app_end ] --START--
INFO: Run Behavior\ShowPageTraceBehavior [ RunTime:0.000371s ]
INFO: [ app_end ] --END-- [ RunTime:0.000458s ]

